Using pre-set license
Built from '2020.3/release' branch; Version is '2020.3.12f1 (b3b2c6512326) revision 11776710'; Using compiler version '192528614'; Build Type 'Release'
OS: 'Windows 10 Home; OS build 19042.1415; Version 2009; 64bit' Language: 'en' Physical Memory: 32683 MB
BatchMode: 1, IsHumanControllingUs: 0, StartBugReporterOnCrash: 0, Is64bit: 1, IsPro: 0

 COMMAND LINE ARGUMENTS:
C:\Program Files\Unity\Hub\Editor\2020.3.12f1\Editor\Unity.exe
-adb2
-batchMode
-noUpm
-name
AssetImportWorker0
-projectPath
C:/Users/Toby/Documents/annoyingclientsim/AnnoyingClientSim
-logFile
Logs/AssetImportWorker0.log
-srvPort
51050
Successfully changed project path to: C:/Users/Toby/Documents/annoyingclientsim/AnnoyingClientSim
C:/Users/Toby/Documents/annoyingclientsim/AnnoyingClientSim
Using Asset Import Pipeline V2.
Refreshing native plugins compatible for Editor in 43.45 ms, found 3 plugins.
Preloading 0 native plugins for Editor in 0.00 ms.
Initialize engine version: 2020.3.12f1 (b3b2c6512326)
[Subsystems] Discovering subsystems at path C:/Program Files/Unity/Hub/Editor/2020.3.12f1/Editor/Data/Resources/UnitySubsystems
[Subsystems] Discovering subsystems at path C:/Users/Toby/Documents/annoyingclientsim/AnnoyingClientSim/Assets
GfxDevice: creating device client; threaded=0
Direct3D:
    Version:  Direct3D 11.0 [level 11.1]
    Renderer: NVIDIA GeForce GTX 1080 (ID=0x1b80)
    Vendor:   
    VRAM:     8079 MB
    Driver:   27.21.14.6140
Initialize mono
Mono path[0] = 'C:/Program Files/Unity/Hub/Editor/2020.3.12f1/Editor/Data/Managed'
Mono path[1] = 'C:/Program Files/Unity/Hub/Editor/2020.3.12f1/Editor/Data/MonoBleedingEdge/lib/mono/unityjit'
Mono config path = 'C:/Program Files/Unity/Hub/Editor/2020.3.12f1/Editor/Data/MonoBleedingEdge/etc'
Using monoOptions --debugger-agent=transport=dt_socket,embedding=1,server=y,suspend=n,address=127.0.0.1:56900
Begin MonoManager ReloadAssembly
Registering precompiled unity dll's ...
Register platform support module: C:/Program Files/Unity/Hub/Editor/2020.3.12f1/Editor/Data/PlaybackEngines/WebGLSupport/UnityEditor.WebGL.Extensions.dll
Register platform support module: C:/Program Files/Unity/Hub/Editor/2020.3.12f1/Editor/Data/PlaybackEngines/MacStandaloneSupport/UnityEditor.OSXStandalone.Extensions.dll
Register platform support module: C:/Program Files/Unity/Hub/Editor/2020.3.12f1/Editor/Data/PlaybackEngines/WindowsStandaloneSupport/UnityEditor.WindowsStandalone.Extensions.dll
Registered in 0.002867 seconds.
Native extension for WindowsStandalone target not found
Native extension for OSXStandalone target not found
Native extension for WebGL target not found
Refreshing native plugins compatible for Editor in 43.69 ms, found 3 plugins.
Preloading 0 native plugins for Editor in 0.00 ms.
Mono: successfully reloaded assembly
- Completed reload, in  1.116 seconds
Platform modules already initialized, skipping
Registering precompiled user dll's ...
Registered in 0.004362 seconds.
Begin MonoManager ReloadAssembly
Native extension for WindowsStandalone target not found
Native extension for OSXStandalone target not found
Native extension for WebGL target not found
Refreshing native plugins compatible for Editor in 42.53 ms, found 3 plugins.
Preloading 0 native plugins for Editor in 0.00 ms.
Mono: successfully reloaded assembly
- Completed reload, in  0.965 seconds
Platform modules already initialized, skipping
========================================================================
Worker process is ready to serve import requests
Launched and connected shader compiler UnityShaderCompiler.exe after 0.04 seconds
Refreshing native plugins compatible for Editor in 0.50 ms, found 3 plugins.
Preloading 0 native plugins for Editor in 0.00 ms.
Unloading 2266 Unused Serialized files (Serialized files now loaded: 0)
System memory in use before: 101.2 MB.
System memory in use after: 101.1 MB.

Unloading 33 unused Assets to reduce memory usage. Loaded Objects now: 2699.
Total: 2.060000 ms (FindLiveObjects: 0.190500 ms CreateObjectMapping: 0.074600 ms MarkObjects: 1.683200 ms  DeleteObjects: 0.110800 ms)

AssetImportParameters requested are different than current active one (requested -> active):
  custom:framework-win-MediaFoundation: 216162199b28c13a410421893ffa2e32 -> 
  custom:video-decoder-ogg-theora: a1e56fd34408186e4bbccfd4996cb3dc -> 
  custom:container-muxer-webm: aa71ff27fc2769a1b78a27578f13a17b -> 
  custom:container-demuxer-webm: 4f35f7cbe854078d1ac9338744f61a02 -> 
  custom:container-demuxer-ogg: 62fdf1f143b41e24485cea50d1cbac27 -> 
  custom:video-encoder-webm-vp8: eb34c28f22e8b96e1ab97ce403110664 -> 
  custom:video-decoder-webm-vp8: 9c59270c3fd7afecdb556c50c9e8de78 -> 
  custom:audio-decoder-ogg-vorbis: bf7c407c2cedff20999df2af8eb42d56 -> 
  custom:audio-encoder-webm-vorbis: bf7c407c2cedff20999df2af8eb42d56 -> 
========================================================================
Received Import Request.
  path: Assets/TextMesh Pro
  artifactKey: Guid(5a041eb7159e1be418468198e473dc8a) Importer(815301076,1909f56bfc062723c751e8b465ee728b)
Start importing Assets/TextMesh Pro using Guid(5a041eb7159e1be418468198e473dc8a) Importer(815301076,1909f56bfc062723c751e8b465ee728b)  -> (artifact id: '7e38488bc63032c7f0f14cba595eb96b') in 0.008459 seconds 
  Import took 0.011387 seconds .

========================================================================
Received Import Request.
  Time since last request: 0.000262 seconds.
  path: Assets/DreamOS - Complete OS UI
  artifactKey: Guid(7b36125ad48f5bc4daec50d7ade2eea6) Importer(815301076,1909f56bfc062723c751e8b465ee728b)
Start importing Assets/DreamOS - Complete OS UI using Guid(7b36125ad48f5bc4daec50d7ade2eea6) Importer(815301076,1909f56bfc062723c751e8b465ee728b)  -> (artifact id: 'cb0b48949d38abd993eb5a0214fd9882') in 0.005978 seconds 
  Import took 0.008752 seconds .

========================================================================
Received Import Request.
  Time since last request: 1.889485 seconds.
  path: Assets/DreamOS - Complete OS UI/Scenes
  artifactKey: Guid(185e85548c62eb64d8af2d405d62f135) Importer(815301076,1909f56bfc062723c751e8b465ee728b)
Start importing Assets/DreamOS - Complete OS UI/Scenes using Guid(185e85548c62eb64d8af2d405d62f135) Importer(815301076,1909f56bfc062723c751e8b465ee728b)  -> (artifact id: 'f34b9b52d2dbb53f4e30eb211e91e459') in 0.006669 seconds 
  Import took 0.009923 seconds .

========================================================================
Received Import Request.
  Time since last request: 1.125015 seconds.
  path: Assets/DreamOS - Complete OS UI/Scenes/Desktop.unity
  artifactKey: Guid(bbb2554622c7f90439c4ae6125f9109a) Importer(815301076,1909f56bfc062723c751e8b465ee728b)
Start importing Assets/DreamOS - Complete OS UI/Scenes/Desktop.unity using Guid(bbb2554622c7f90439c4ae6125f9109a) Importer(815301076,1909f56bfc062723c751e8b465ee728b)  -> (artifact id: '3b2dacee13e2e9dc16924ef09625b456') in 0.014986 seconds 
  Import took 0.018104 seconds .

========================================================================
Received Import Request.
  Time since last request: 11.984562 seconds.
  path: Assets/DreamOS - Complete OS UI/Scenes/World Space.unity
  artifactKey: Guid(a21816e1d055633449e3be9aefe3476b) Importer(815301076,1909f56bfc062723c751e8b465ee728b)
Start importing Assets/DreamOS - Complete OS UI/Scenes/World Space.unity using Guid(a21816e1d055633449e3be9aefe3476b) Importer(815301076,1909f56bfc062723c751e8b465ee728b)  -> (artifact id: 'e0387f260e918403d69d344d24472698') in 0.005716 seconds 
  Import took 0.009114 seconds .

========================================================================
Received Import Request.
  Time since last request: 17.361729 seconds.
  path: Assets/DreamOS - Complete OS UI/Scenes/Desktop.unity
  artifactKey: Guid(bbb2554622c7f90439c4ae6125f9109a) Importer(815301076,1909f56bfc062723c751e8b465ee728b)
Start importing Assets/DreamOS - Complete OS UI/Scenes/Desktop.unity using Guid(bbb2554622c7f90439c4ae6125f9109a) Importer(815301076,1909f56bfc062723c751e8b465ee728b)  -> (artifact id: '31cdb1d2c07060a5abb18add504d5a24') in 0.002313 seconds 
  Import took 0.005851 seconds .

AssetImportWorkerClient::OnTransportError - code=2 error=End of file
